<?xml version="1.0" encoding="UTF-8"?>
<!-- Generated by org.testng.reporters.JUnitXMLReporter -->
<testsuite hostname="Biswajit-PC" name="Default test" tests="7" failures="0" timestamp="20 May 2015 11:05:34 GMT" time="65.392" errors="0">
  <testcase name="userSignUp" time="53.721" classname="com.webtek.test.SanityTest"/>
  <testcase name="userSignUp" time="2.053" classname="com.webtek.test.SanityTest"/>
  <testcase name="userSignUp" time="2.015" classname="com.webtek.test.SanityTest"/>
  <testcase name="userSignUp" time="2.025" classname="com.webtek.test.SanityTest"/>
  <testcase name="userSignUp" time="2.033" classname="com.webtek.test.SanityTest"/>
  <testcase name="userSignUp" time="2.036" classname="com.webtek.test.SanityTest"/>
  <testcase name="signUser" time="1.006" classname="com.webtek.test.SanityTest"/>
</testsuite> <!-- Default test -->
