<?xml version="1.0" encoding="UTF-8"?>
<!-- Generated by org.testng.reporters.JUnitXMLReporter -->
<testsuite hostname="Biswajit-PC" name="FirefoxTest" tests="7" failures="0" timestamp="5 Jun 2015 08:20:04 GMT" time="238.563" errors="0">
  <testcase name="contactUs" time="210.362" classname="com.webtek.test.SanityTest2"/>
  <testcase name="contactUs" time="0.532" classname="com.webtek.test.SanityTest2"/>
  <testcase name="contactUs" time="0.243" classname="com.webtek.test.SanityTest2"/>
  <testcase name="contactUs" time="0.344" classname="com.webtek.test.SanityTest2"/>
  <testcase name="contactUs" time="0.403" classname="com.webtek.test.SanityTest2"/>
  <testcase name="contactUs" time="0.383" classname="com.webtek.test.SanityTest2"/>
  <testcase name="contactUs" time="0.359" classname="com.webtek.test.SanityTest2"/>
</testsuite> <!-- FirefoxTest -->
