<?xml version="1.0" encoding="UTF-8"?>
<!-- Generated by org.testng.reporters.JUnitXMLReporter -->
<testsuite hostname="Biswajit-PC" name="IETest" tests="7" failures="0" timestamp="5 Jun 2015 08:20:03 GMT" time="238.389" errors="0">
  <testcase name="contactUs" time="210.241" classname="com.webtek.test.SanityTest2"/>
  <testcase name="contactUs" time="0.4" classname="com.webtek.test.SanityTest2"/>
  <testcase name="contactUs" time="0.38" classname="com.webtek.test.SanityTest2"/>
  <testcase name="contactUs" time="0.375" classname="com.webtek.test.SanityTest2"/>
  <testcase name="contactUs" time="0.354" classname="com.webtek.test.SanityTest2"/>
  <testcase name="contactUs" time="0.411" classname="com.webtek.test.SanityTest2"/>
  <testcase name="contactUs" time="0.379" classname="com.webtek.test.SanityTest2"/>
</testsuite> <!-- IETest -->
