<?xml version="1.0" encoding="UTF-8"?>
<!-- Generated by org.testng.reporters.JUnitXMLReporter -->
<testsuite hostname="Biswajit-PC" name="FirefoxTest" tests="7" failures="0" timestamp="5 Jun 2015 11:59:26 GMT" time="1645.283" errors="0">
  <testcase name="contactUs" time="804.565" classname="com.webtek.test.SanityTest2"/>
  <testcase name="contactUs" time="803.873" classname="com.webtek.test.SanityTest2"/>
  <testcase name="contactUs" time="2.49" classname="com.webtek.test.SanityTest2"/>
  <testcase name="contactUs" time="2.043" classname="com.webtek.test.SanityTest2"/>
  <testcase name="contactUs" time="4.316" classname="com.webtek.test.SanityTest2"/>
  <testcase name="contactUs" time="4.279" classname="com.webtek.test.SanityTest2"/>
  <testcase name="contactUs" time="4.35" classname="com.webtek.test.SanityTest2"/>
</testsuite> <!-- FirefoxTest -->
