<?xml version="1.0" encoding="UTF-8"?>
<!-- Generated by org.testng.reporters.JUnitXMLReporter -->
<testsuite hostname="Biswajit-PC" name="IETest" tests="7" failures="0" timestamp="5 Jun 2015 12:06:08 GMT" time="2046.435" errors="0">
  <testcase name="contactUs" time="806.159" classname="com.webtek.test.SanityTest2"/>
  <testcase name="contactUs" time="3.402" classname="com.webtek.test.SanityTest2"/>
  <testcase name="contactUs" time="804.997" classname="com.webtek.test.SanityTest2"/>
  <testcase name="contactUs" time="4.534" classname="com.webtek.test.SanityTest2"/>
  <testcase name="contactUs" time="4.209" classname="com.webtek.test.SanityTest2"/>
  <testcase name="contactUs" time="4.372" classname="com.webtek.test.SanityTest2"/>
  <testcase name="contactUs" time="403.307" classname="com.webtek.test.SanityTest2"/>
</testsuite> <!-- IETest -->
