<?xml version="1.0" encoding="UTF-8"?>
<!-- Generated by org.testng.reporters.JUnitXMLReporter -->
<testsuite hostname="Biswajit-PC" name="Test in FF" tests="2" failures="0" timestamp="21 May 2015 05:23:32 GMT" time="0.042" errors="0">
  <testcase name="userSignUp" time="0.024" classname="com.webtek.test.SanityTest">
    <skipped/>
  </testcase> <!-- userSignUp -->
  <testcase name="signUser" time="0.001" classname="com.webtek.test.SanityTest">
    <skipped/>
  </testcase> <!-- signUser -->
</testsuite> <!-- Test in FF -->
