<?xml version="1.0" encoding="UTF-8"?>
<!-- Generated by org.testng.reporters.JUnitXMLReporter -->
<testsuite hostname="Biswajit-PC" name="Test in FF" tests="7" failures="0" timestamp="20 May 2015 11:21:18 GMT" time="60.837" errors="0">
  <testcase name="userSignUp" time="49.334" classname="com.webtek.test.SanityTest"/>
  <testcase name="userSignUp" time="2.037" classname="com.webtek.test.SanityTest"/>
  <testcase name="userSignUp" time="2.027" classname="com.webtek.test.SanityTest"/>
  <testcase name="userSignUp" time="2.06" classname="com.webtek.test.SanityTest"/>
  <testcase name="userSignUp" time="2.046" classname="com.webtek.test.SanityTest"/>
  <testcase name="userSignUp" time="2.037" classname="com.webtek.test.SanityTest"/>
  <testcase name="signUser" time="1.004" classname="com.webtek.test.SanityTest"/>
</testsuite> <!-- Test in FF -->
