<?xml version="1.0" encoding="UTF-8"?>
<testng-results skipped="0" failed="1" total="7" passed="6">
  <reporter-output>
  </reporter-output>
  <suite name="Default suite" duration-ms="32837" started-at="2015-05-21T13:15:12Z" finished-at="2015-05-21T13:15:45Z">
    <groups>
    </groups>
    <test name="Default test" duration-ms="32837" started-at="2015-05-21T13:15:12Z" finished-at="2015-05-21T13:15:45Z">
      <class name="com.webtek.test.SanityTest2">
        <test-method status="PASS" signature="SetUp()[pri:0, instance:com.webtek.test.SanityTest2@4ec6a292]" name="SetUp" is-config="true" duration-ms="14823" started-at="2015-05-21T18:44:57Z" finished-at="2015-05-21T18:45:12Z">
          <reporter-output>
          </reporter-output>
        </test-method> <!-- SetUp -->
        <test-method status="PASS" signature="contactUs(java.lang.String, java.lang.String, java.lang.String, java.lang.String)[pri:0, instance:com.webtek.test.SanityTest2@4ec6a292]" name="contactUs" duration-ms="6447" started-at="2015-05-21T18:45:12Z" data-provider="contactUs" finished-at="2015-05-21T18:45:19Z">
          <params>
            <param index="0">
              <value>
                <![CDATA[Customer service]]>
              </value>
            </param>
            <param index="1">
              <value>
                <![CDATA[sampletest1@mail.com]]>
              </value>
            </param>
            <param index="2">
              <value>
                <![CDATA[order1]]>
              </value>
            </param>
            <param index="3">
              <value>
                <![CDATA[This is for a sample testing. Please do not consider ]]>
              </value>
            </param>
          </params>
          <reporter-output>
          </reporter-output>
        </test-method> <!-- contactUs -->
        <test-method status="PASS" signature="contactUs(java.lang.String, java.lang.String, java.lang.String, java.lang.String)[pri:0, instance:com.webtek.test.SanityTest2@4ec6a292]" name="contactUs" duration-ms="4631" started-at="2015-05-21T18:45:19Z" data-provider="contactUs" finished-at="2015-05-21T18:45:23Z">
          <params>
            <param index="0">
              <value>
                <![CDATA[Webmaster]]>
              </value>
            </param>
            <param index="1">
              <value>
                <![CDATA[sampletest2@mail.com]]>
              </value>
            </param>
            <param index="2">
              <value>
                <![CDATA[order2]]>
              </value>
            </param>
            <param index="3">
              <value>
                <![CDATA[This is for a sample testing. Please do not consider ]]>
              </value>
            </param>
          </params>
          <reporter-output>
          </reporter-output>
        </test-method> <!-- contactUs -->
        <test-method status="PASS" signature="contactUs(java.lang.String, java.lang.String, java.lang.String, java.lang.String)[pri:0, instance:com.webtek.test.SanityTest2@4ec6a292]" name="contactUs" duration-ms="4984" started-at="2015-05-21T18:45:23Z" data-provider="contactUs" finished-at="2015-05-21T18:45:28Z">
          <params>
            <param index="0">
              <value>
                <![CDATA[Customer service]]>
              </value>
            </param>
            <param index="1">
              <value>
                <![CDATA[sampletest3@mail.com]]>
              </value>
            </param>
            <param index="2">
              <value>
                <![CDATA[order3]]>
              </value>
            </param>
            <param index="3">
              <value>
                <![CDATA[This is for a sample testing. Please do not consider ]]>
              </value>
            </param>
          </params>
          <reporter-output>
          </reporter-output>
        </test-method> <!-- contactUs -->
        <test-method status="PASS" signature="contactUs(java.lang.String, java.lang.String, java.lang.String, java.lang.String)[pri:0, instance:com.webtek.test.SanityTest2@4ec6a292]" name="contactUs" duration-ms="5303" started-at="2015-05-21T18:45:28Z" data-provider="contactUs" finished-at="2015-05-21T18:45:34Z">
          <params>
            <param index="0">
              <value>
                <![CDATA[Webmaster]]>
              </value>
            </param>
            <param index="1">
              <value>
                <![CDATA[sampletest4@mail.com]]>
              </value>
            </param>
            <param index="2">
              <value>
                <![CDATA[order4]]>
              </value>
            </param>
            <param index="3">
              <value>
                <![CDATA[This is for a sample testing. Please do not consider ]]>
              </value>
            </param>
          </params>
          <reporter-output>
          </reporter-output>
        </test-method> <!-- contactUs -->
        <test-method status="PASS" signature="contactUs(java.lang.String, java.lang.String, java.lang.String, java.lang.String)[pri:0, instance:com.webtek.test.SanityTest2@4ec6a292]" name="contactUs" duration-ms="4743" started-at="2015-05-21T18:45:34Z" data-provider="contactUs" finished-at="2015-05-21T18:45:38Z">
          <params>
            <param index="0">
              <value>
                <![CDATA[Customer service]]>
              </value>
            </param>
            <param index="1">
              <value>
                <![CDATA[sampletest5@mail.com]]>
              </value>
            </param>
            <param index="2">
              <value>
                <![CDATA[order5]]>
              </value>
            </param>
            <param index="3">
              <value>
                <![CDATA[This is for a sample testing. Please do not consider ]]>
              </value>
            </param>
          </params>
          <reporter-output>
          </reporter-output>
        </test-method> <!-- contactUs -->
        <test-method status="PASS" signature="contactUs(java.lang.String, java.lang.String, java.lang.String, java.lang.String)[pri:0, instance:com.webtek.test.SanityTest2@4ec6a292]" name="contactUs" duration-ms="4495" started-at="2015-05-21T18:45:38Z" data-provider="contactUs" finished-at="2015-05-21T18:45:43Z">
          <params>
            <param index="0">
              <value>
                <![CDATA[Webmaster]]>
              </value>
            </param>
            <param index="1">
              <value>
                <![CDATA[sampletest6@mail.com]]>
              </value>
            </param>
            <param index="2">
              <value>
                <![CDATA[order6]]>
              </value>
            </param>
            <param index="3">
              <value>
                <![CDATA[This is for a sample testing. Please do not consider ]]>
              </value>
            </param>
          </params>
          <reporter-output>
          </reporter-output>
        </test-method> <!-- contactUs -->
        <test-method status="FAIL" signature="contactUs(java.lang.String, java.lang.String, java.lang.String, java.lang.String)[pri:0, instance:com.webtek.test.SanityTest2@4ec6a292]" name="contactUs" duration-ms="2021" started-at="2015-05-21T18:45:43Z" data-provider="contactUs" finished-at="2015-05-21T18:45:45Z">
          <params>
            <param index="0">
              <value is-null="true"/>
            </param>
            <param index="1">
              <value is-null="true"/>
            </param>
            <param index="2">
              <value is-null="true"/>
            </param>
            <param index="3">
              <value is-null="true"/>
            </param>
          </params>
          <exception class="java.lang.NullPointerException">
            <full-stacktrace>
              <![CDATA[java.lang.NullPointerException
	at org.openqa.selenium.support.ui.Select.escapeQuotes(Select.java:298)
	at org.openqa.selenium.support.ui.Select.selectByVisibleText(Select.java:113)
	at com.webtek.action.ContactUsAction.execute(ContactUsAction.java:55)
	at com.webtek.test.SanityTest2.contactUs(SanityTest2.java:20)
	at sun.reflect.NativeMethodAccessorImpl.invoke0(Native Method)
	at sun.reflect.NativeMethodAccessorImpl.invoke(NativeMethodAccessorImpl.java:62)
	at sun.reflect.DelegatingMethodAccessorImpl.invoke(DelegatingMethodAccessorImpl.java:43)
	at java.lang.reflect.Method.invoke(Method.java:483)
	at org.testng.internal.MethodInvocationHelper.invokeMethod(MethodInvocationHelper.java:84)
	at org.testng.internal.Invoker.invokeMethod(Invoker.java:714)
	at org.testng.internal.Invoker.invokeTestMethod(Invoker.java:901)
	at org.testng.internal.Invoker.invokeTestMethods(Invoker.java:1231)
	at org.testng.internal.TestMethodWorker.invokeTestMethods(TestMethodWorker.java:127)
	at org.testng.internal.TestMethodWorker.run(TestMethodWorker.java:111)
	at org.testng.TestRunner.privateRun(TestRunner.java:767)
	at org.testng.TestRunner.run(TestRunner.java:617)
	at org.testng.SuiteRunner.runTest(SuiteRunner.java:334)
	at org.testng.SuiteRunner.runSequentially(SuiteRunner.java:329)
	at org.testng.SuiteRunner.privateRun(SuiteRunner.java:291)
	at org.testng.SuiteRunner.run(SuiteRunner.java:240)
	at org.testng.SuiteRunnerWorker.runSuite(SuiteRunnerWorker.java:52)
	at org.testng.SuiteRunnerWorker.run(SuiteRunnerWorker.java:86)
	at org.testng.TestNG.runSuitesSequentially(TestNG.java:1224)
	at org.testng.TestNG.runSuitesLocally(TestNG.java:1149)
	at org.testng.TestNG.run(TestNG.java:1057)
	at org.testng.remote.RemoteTestNG.run(RemoteTestNG.java:111)
	at org.testng.remote.RemoteTestNG.initAndRun(RemoteTestNG.java:204)
	at org.testng.remote.RemoteTestNG.main(RemoteTestNG.java:175)
]]>
            </full-stacktrace>
          </exception> <!-- java.lang.NullPointerException -->
          <reporter-output>
          </reporter-output>
        </test-method> <!-- contactUs -->
        <test-method status="PASS" signature="tearDown()[pri:0, instance:com.webtek.test.SanityTest2@4ec6a292]" name="tearDown" is-config="true" duration-ms="534" started-at="2015-05-21T18:45:45Z" finished-at="2015-05-21T18:45:45Z">
          <reporter-output>
          </reporter-output>
        </test-method> <!-- tearDown -->
      </class> <!-- com.webtek.test.SanityTest2 -->
    </test> <!-- Default test -->
  </suite> <!-- Default suite -->
</testng-results>
