<?xml version="1.0" encoding="UTF-8"?>
<!-- Generated by org.testng.reporters.JUnitXMLReporter -->
<testsuite hostname="Biswajit-PC" name="Test in FF" tests="11" failures="0" timestamp="22 May 2015 12:15:45 GMT" time="467.485" errors="0">
  <testcase name="userSignUp" time="76.785" classname="com.webtek.test.SanityTest"/>
  <testcase name="signUser" time="9.036" classname="com.webtek.test.SanityTest"/>
  <testcase name="firstAddProductThenCheckOutWithSign" time="114.177" classname="com.webtek.test.SanityTest1"/>
  <testcase name="verifyItemPresentInCartAndSummation" time="7.577" classname="com.webtek.test.SanityTest1"/>
  <testcase name="contactUs" time="36.015" classname="com.webtek.test.SanityTest2"/>
  <testcase name="contactUs" time="35.75" classname="com.webtek.test.SanityTest2"/>
  <testcase name="contactUs" time="37.375" classname="com.webtek.test.SanityTest2"/>
  <testcase name="contactUs" time="37.313" classname="com.webtek.test.SanityTest2"/>
  <testcase name="contactUs" time="37.46" classname="com.webtek.test.SanityTest2"/>
  <testcase name="contactUs" time="37.535" classname="com.webtek.test.SanityTest2"/>
  <testcase name="contactUs" time="38.139" classname="com.webtek.test.SanityTest2"/>
</testsuite> <!-- Test in FF -->
