<?xml version="1.0" encoding="UTF-8"?>
<!-- Generated by org.testng.reporters.JUnitXMLReporter -->
<testsuite hostname="Biswajit-PC" name="Test in FF" tests="6" failures="0" timestamp="22 May 2015 05:08:03 GMT" time="34.11" errors="0">
  <testcase name="userSignUp" time="24.56" classname="com.webtek.test.SanityTest"/>
  <testcase name="userSignUp" time="2.064" classname="com.webtek.test.SanityTest"/>
  <testcase name="userSignUp" time="2.041" classname="com.webtek.test.SanityTest"/>
  <testcase name="userSignUp" time="2.065" classname="com.webtek.test.SanityTest"/>
  <testcase name="userSignUp" time="2.043" classname="com.webtek.test.SanityTest"/>
  <testcase name="signUser" time="1.033" classname="com.webtek.test.SanityTest"/>
</testsuite> <!-- Test in FF -->
