<?xml version="1.0" encoding="UTF-8"?>
<!-- Generated by org.testng.reporters.JUnitXMLReporter -->
<testsuite hostname="Biswajit-PC" name="TestSuite3" tests="7" failures="0" timestamp="22 May 2015 12:04:11 GMT" time="249.542" errors="0">
  <testcase name="contactUs" time="36.381" classname="com.webtek.test.SanityTest2"/>
  <testcase name="contactUs" time="35.153" classname="com.webtek.test.SanityTest2"/>
  <testcase name="contactUs" time="35.323" classname="com.webtek.test.SanityTest2"/>
  <testcase name="contactUs" time="35.822" classname="com.webtek.test.SanityTest2"/>
  <testcase name="contactUs" time="35.763" classname="com.webtek.test.SanityTest2"/>
  <testcase name="contactUs" time="35.553" classname="com.webtek.test.SanityTest2"/>
  <testcase name="contactUs" time="35.537" classname="com.webtek.test.SanityTest2"/>
</testsuite> <!-- TestSuite3 -->
